ene 18, 2015 6:58:19 P.M. org.apache.catalina.core.AprLifecycleListener init
INFO: The APR based Apache Tomcat Native library which allows optimal performance in production environments was not found on the java.library.path: C:\Program Files\Java\jdk1.7.0_67\bin;C:\Windows\Sun\Java\bin;C:\Windows\system32;C:\Windows;C:\Program Files (x86)\Caminova\Document Express DjVu Plug-in\;C:\Program Files (x86)\Intel\iCLS Client\;C:\Program Files\Intel\iCLS Client\;C:\Program Files\Common Files\Microsoft Shared\Windows Live;C:\Program Files (x86)\Common Files\Microsoft Shared\Windows Live;C:\Windows\system32;C:\Windows;C:\Windows\System32\Wbem;C:\Windows\System32\WindowsPowerShell\v1.0\;C:\Program Files (x86)\Windows Live\Shared;C:\Program Files (x86)\Intel\OpenCL SDK\2.0\bin\x86;C:\Program Files (x86)\Intel\OpenCL SDK\2.0\bin\x64;C:\Program Files\Intel\Intel(R) Management Engine Components\DAL;C:\Program Files\Intel\Intel(R) Management Engine Components\IPT;C:\Program Files (x86)\Intel\Intel(R) Management Engine Components\DAL;C:\Program Files (x86)\Intel\Intel(R) Management Engine Components\IPT;C:\Program Files\Intel\WiFi\bin\;C:\Program Files\Common Files\Intel\WirelessCommon\;C:\Program Files (x86)\Java\jre7\bin;C:\Program Files (x86)\QuickTime\QTSystem\;C:\Program Files (x86)\Git\cmd;C:\Program Files\Java\jdk1.7.0_67\bin;C:\Program Files\Apache Software Foundation\apache-maven-3.1.1\bin.;;.
ene 18, 2015 6:58:19 P.M. org.apache.coyote.AbstractProtocol init
INFO: Initializing ProtocolHandler ["http-bio-8080"]
ene 18, 2015 6:58:19 P.M. org.apache.coyote.AbstractProtocol init
INFO: Initializing ProtocolHandler ["ajp-bio-8009"]
ene 18, 2015 6:58:20 P.M. org.apache.openejb.util.OptionsLog info
INFO: Using 'openejb.jdbc.datasource-creator=org.apache.tomee.jdbc.TomEEDataSourceCreator'
ene 18, 2015 6:58:20 P.M. org.apache.openejb.OpenEJB$Instance <init>
INFO: ********************************************************************************
ene 18, 2015 6:58:20 P.M. org.apache.openejb.OpenEJB$Instance <init>
INFO: OpenEJB http://openejb.apache.org/
ene 18, 2015 6:58:20 P.M. org.apache.openejb.OpenEJB$Instance <init>
INFO: Startup: Sun Jan 18 18:58:20 UYST 2015
ene 18, 2015 6:58:20 P.M. org.apache.openejb.OpenEJB$Instance <init>
INFO: Copyright 1999-2013 (C) Apache OpenEJB Project, All Rights Reserved.
ene 18, 2015 6:58:20 P.M. org.apache.openejb.OpenEJB$Instance <init>
INFO: Version: 4.7.1
ene 18, 2015 6:58:20 P.M. org.apache.openejb.OpenEJB$Instance <init>
INFO: Build date: 20140912
ene 18, 2015 6:58:20 P.M. org.apache.openejb.OpenEJB$Instance <init>
INFO: Build time: 01:43
ene 18, 2015 6:58:20 P.M. org.apache.openejb.OpenEJB$Instance <init>
INFO: ********************************************************************************
ene 18, 2015 6:58:20 P.M. org.apache.openejb.OpenEJB$Instance <init>
INFO: openejb.home = C:\tomee-tesis
ene 18, 2015 6:58:20 P.M. org.apache.openejb.OpenEJB$Instance <init>
INFO: openejb.base = C:\tomee-tesis
ene 18, 2015 6:58:20 P.M. org.apache.openejb.cdi.CdiBuilder initializeOWB
INFO: Created new singletonService org.apache.openejb.cdi.ThreadSingletonServiceImpl@36d41a34
ene 18, 2015 6:58:20 P.M. org.apache.openejb.cdi.CdiBuilder initializeOWB
INFO: Succeeded in installing singleton service
ene 18, 2015 6:58:20 P.M. org.apache.openejb.config.ConfigurationFactory init
INFO: openejb configuration file is 'C:\tomee-tesis\conf\tomee.xml'
ene 18, 2015 6:58:20 P.M. org.apache.openejb.config.ConfigurationFactory configureService
INFO: Configuring Service(id=Tomcat Security Service, type=SecurityService, provider-id=Tomcat Security Service)
ene 18, 2015 6:58:20 P.M. org.apache.openejb.config.ConfigurationFactory configureService
INFO: Configuring Service(id=Default Transaction Manager, type=TransactionManager, provider-id=Default Transaction Manager)
ene 18, 2015 6:58:20 P.M. org.apache.openejb.config.ConfigurationFactory configureService
INFO: Configuring Service(id=sisi-DS, type=Resource, provider-id=Default JDBC Database)
ene 18, 2015 6:58:20 P.M. org.apache.openejb.util.OptionsLog info
INFO: Using 'openejb.system.apps=true'
ene 18, 2015 6:58:20 P.M. org.apache.openejb.config.ConfigurationFactory configureApplication
INFO: Configuring enterprise application: openejb
ene 18, 2015 6:58:21 P.M. org.apache.openejb.config.InitEjbDeployments deploy
INFO: Using openejb.deploymentId.format '{ejbName}'
ene 18, 2015 6:58:21 P.M. org.apache.openejb.config.InitEjbDeployments deploy
INFO: Auto-deploying ejb openejb/Deployer: EjbDeployment(deployment-id=openejb/Deployer)
ene 18, 2015 6:58:21 P.M. org.apache.openejb.config.InitEjbDeployments deploy
INFO: Auto-deploying ejb openejb/ConfigurationInfo: EjbDeployment(deployment-id=openejb/ConfigurationInfo)
ene 18, 2015 6:58:21 P.M. org.apache.openejb.config.InitEjbDeployments deploy
INFO: Auto-deploying ejb MEJB: EjbDeployment(deployment-id=MEJB)
ene 18, 2015 6:58:21 P.M. org.apache.openejb.config.ConfigurationFactory configureService
INFO: Configuring Service(id=Default Stateless Container, type=Container, provider-id=Default Stateless Container)
ene 18, 2015 6:58:21 P.M. org.apache.openejb.config.AutoConfig createContainer
INFO: Auto-creating a container for bean openejb/Deployer: Container(type=STATELESS, id=Default Stateless Container)
ene 18, 2015 6:58:21 P.M. org.apache.openejb.config.AppInfoBuilder build
INFO: Enterprise application "openejb" loaded.
ene 18, 2015 6:58:21 P.M. org.apache.openejb.assembler.classic.Assembler createRecipe
INFO: Creating TransactionManager(id=Default Transaction Manager)
ene 18, 2015 6:58:21 P.M. org.apache.openejb.assembler.classic.Assembler createRecipe
INFO: Creating SecurityService(id=Tomcat Security Service)
ene 18, 2015 6:58:21 P.M. org.apache.openejb.assembler.classic.Assembler createRecipe
INFO: Creating Resource(id=sisi-DS)
ene 18, 2015 6:58:21 P.M. org.apache.tomee.jdbc.TomEEDataSourceCreator$TomEEDataSource readOnly
INFO: Disabling testOnBorrow since no validation query is provided
ene 18, 2015 6:58:21 P.M. org.apache.openejb.assembler.classic.Assembler createRecipe
INFO: Creating Container(id=Default Stateless Container)
ene 18, 2015 6:58:21 P.M. org.apache.openejb.assembler.classic.Assembler createApplication
INFO: Assembling app: openejb
ene 18, 2015 6:58:21 P.M. org.apache.openejb.util.OptionsLog info
INFO: Using 'openejb.jndiname.format={deploymentId}{interfaceType.openejbLegacyName}'
ene 18, 2015 6:58:21 P.M. org.apache.openejb.assembler.classic.JndiBuilder bind
INFO: Jndi(name=openejb/DeployerBusinessRemote) --> Ejb(deployment-id=openejb/Deployer)
ene 18, 2015 6:58:21 P.M. org.apache.openejb.assembler.classic.JndiBuilder bind
INFO: Jndi(name=global/openejb/openejb/Deployer!org.apache.openejb.assembler.Deployer) --> Ejb(deployment-id=openejb/Deployer)
ene 18, 2015 6:58:21 P.M. org.apache.openejb.assembler.classic.JndiBuilder bind
INFO: Jndi(name=global/openejb/openejb/Deployer) --> Ejb(deployment-id=openejb/Deployer)
ene 18, 2015 6:58:21 P.M. org.apache.openejb.assembler.classic.JndiBuilder bind
INFO: Jndi(name=openejb/ConfigurationInfoBusinessRemote) --> Ejb(deployment-id=openejb/ConfigurationInfo)
ene 18, 2015 6:58:21 P.M. org.apache.openejb.assembler.classic.JndiBuilder bind
INFO: Jndi(name=global/openejb/openejb/ConfigurationInfo!org.apache.openejb.assembler.classic.cmd.ConfigurationInfo) --> Ejb(deployment-id=openejb/ConfigurationInfo)
ene 18, 2015 6:58:21 P.M. org.apache.openejb.assembler.classic.JndiBuilder bind
INFO: Jndi(name=global/openejb/openejb/ConfigurationInfo) --> Ejb(deployment-id=openejb/ConfigurationInfo)
ene 18, 2015 6:58:21 P.M. org.apache.openejb.assembler.classic.JndiBuilder bind
INFO: Jndi(name=MEJB) --> Ejb(deployment-id=MEJB)
ene 18, 2015 6:58:21 P.M. org.apache.openejb.assembler.classic.JndiBuilder bind
INFO: Jndi(name=global/openejb/MEJB!javax.management.j2ee.ManagementHome) --> Ejb(deployment-id=MEJB)
ene 18, 2015 6:58:21 P.M. org.apache.openejb.assembler.classic.JndiBuilder bind
INFO: Jndi(name=global/openejb/MEJB) --> Ejb(deployment-id=MEJB)
ene 18, 2015 6:58:21 P.M. org.apache.openejb.assembler.classic.Assembler startEjbs
INFO: Created Ejb(deployment-id=openejb/Deployer, ejb-name=openejb/Deployer, container=Default Stateless Container)
ene 18, 2015 6:58:21 P.M. org.apache.openejb.assembler.classic.Assembler startEjbs
INFO: Created Ejb(deployment-id=MEJB, ejb-name=MEJB, container=Default Stateless Container)
ene 18, 2015 6:58:21 P.M. org.apache.openejb.assembler.classic.Assembler startEjbs
INFO: Created Ejb(deployment-id=openejb/ConfigurationInfo, ejb-name=openejb/ConfigurationInfo, container=Default Stateless Container)
ene 18, 2015 6:58:21 P.M. org.apache.openejb.assembler.classic.Assembler startEjbs
INFO: Started Ejb(deployment-id=openejb/Deployer, ejb-name=openejb/Deployer, container=Default Stateless Container)
ene 18, 2015 6:58:21 P.M. org.apache.openejb.assembler.classic.Assembler startEjbs
INFO: Started Ejb(deployment-id=MEJB, ejb-name=MEJB, container=Default Stateless Container)
ene 18, 2015 6:58:21 P.M. org.apache.openejb.assembler.classic.Assembler startEjbs
INFO: Started Ejb(deployment-id=openejb/ConfigurationInfo, ejb-name=openejb/ConfigurationInfo, container=Default Stateless Container)
ene 18, 2015 6:58:21 P.M. org.apache.openejb.assembler.classic.Assembler deployMBean
INFO: Deployed MBean(openejb.user.mbeans:application=openejb,group=org.apache.openejb.assembler.monitoring,name=JMXDeployer)
ene 18, 2015 6:58:21 P.M. org.apache.openejb.assembler.classic.Assembler createApplication
INFO: Deployed Application(path=openejb)
ene 18, 2015 6:58:22 P.M. org.apache.openejb.server.ServiceManager initServer
INFO: Creating ServerService(id=cxf)
ene 18, 2015 6:58:22 P.M. org.apache.openejb.server.ServiceManager initServer
INFO: Creating ServerService(id=cxf-rs)
ene 18, 2015 6:58:22 P.M. org.apache.openejb.server.SimpleServiceManager start
INFO:   ** Bound Services **
ene 18, 2015 6:58:22 P.M. org.apache.openejb.server.SimpleServiceManager printRow
INFO:   NAME                 IP              PORT  
ene 18, 2015 6:58:22 P.M. org.apache.openejb.server.SimpleServiceManager start
INFO: -------
ene 18, 2015 6:58:22 P.M. org.apache.openejb.server.SimpleServiceManager start
INFO: Ready!
ene 18, 2015 6:58:22 P.M. org.apache.catalina.startup.Catalina load
INFO: Initialization processed in 3292 ms
ene 18, 2015 6:58:22 P.M. org.apache.tomee.catalina.OpenEJBNamingContextListener bindResource
INFO: Importing a Tomcat Resource with id 'UserDatabase' of type 'org.apache.catalina.UserDatabase'.
ene 18, 2015 6:58:22 P.M. org.apache.openejb.assembler.classic.Assembler createRecipe
INFO: Creating Resource(id=UserDatabase)
ene 18, 2015 6:58:22 P.M. org.apache.catalina.core.StandardService startInternal
INFO: Starting service Catalina
ene 18, 2015 6:58:22 P.M. org.apache.catalina.core.StandardEngine startInternal
INFO: Starting Servlet Engine: Apache Tomcat (TomEE)/7.0.55 (1.7.1)
ene 18, 2015 6:58:22 P.M. org.apache.catalina.startup.HostConfig deployWAR
INFO: Deploying web application archive C:\tomee-tesis\webapps\sisi-servlets.war
ene 18, 2015 6:58:22 P.M. org.apache.tomee.catalina.TomcatWebAppBuilder init
INFO: ------------------------- localhost -> /sisi-servlets
ene 18, 2015 6:58:22 P.M. org.apache.openejb.config.ConfigurationFactory configureApplication
INFO: Configuring enterprise application: C:\tomee-tesis\webapps\sisi-servlets
ene 18, 2015 6:58:22 P.M. org.apache.openejb.config.AnnotationDeployer$ProcessAnnotatedBeans getLookupMethod
WARNING: Method 'lookup' is not available for 'javax.ejb.EJB'. The old API 'file:/C:/tomee-tesis/lib/annotations-api.jar' was found on the classpath.
ene 18, 2015 6:58:22 P.M. org.apache.openejb.config.InitEjbDeployments deploy
INFO: Auto-deploying ejb PlanManager: EjbDeployment(deployment-id=PlanManager)
ene 18, 2015 6:58:22 P.M. org.apache.openejb.config.InitEjbDeployments deploy
INFO: Auto-deploying ejb CalleManager: EjbDeployment(deployment-id=CalleManager)
ene 18, 2015 6:58:22 P.M. org.apache.openejb.config.InitEjbDeployments deploy
INFO: Auto-deploying ejb SemaforoManager: EjbDeployment(deployment-id=SemaforoManager)
ene 18, 2015 6:58:22 P.M. org.apache.openejb.config.InitEjbDeployments deploy
INFO: Auto-deploying ejb EtapaManager: EjbDeployment(deployment-id=EtapaManager)
ene 18, 2015 6:58:22 P.M. org.apache.openejb.config.InitEjbDeployments deploy
INFO: Auto-deploying ejb ControladorManager: EjbDeployment(deployment-id=ControladorManager)
ene 18, 2015 6:58:22 P.M. org.apache.openejb.config.InitEjbDeployments deploy
INFO: Auto-deploying ejb CruceSemaforosManager: EjbDeployment(deployment-id=CruceSemaforosManager)
ene 18, 2015 6:58:22 P.M. org.apache.openejb.config.InitEjbDeployments deploy
INFO: Auto-deploying ejb UsuarioManager: EjbDeployment(deployment-id=UsuarioManager)
ene 18, 2015 6:58:22 P.M. org.apache.openejb.config.ConfigurationFactory configureService
INFO: Configuring Service(id=Default Stateful Container, type=Container, provider-id=Default Stateful Container)
ene 18, 2015 6:58:22 P.M. org.apache.openejb.config.AutoConfig createContainer
INFO: Auto-creating a container for bean UsuarioManager: Container(type=STATEFUL, id=Default Stateful Container)
ene 18, 2015 6:58:22 P.M. org.apache.openejb.assembler.classic.Assembler createRecipe
INFO: Creating Container(id=Default Stateful Container)
ene 18, 2015 6:58:22 P.M. org.apache.openejb.core.stateful.SimplePassivater init
INFO: Using directory C:\tomee-tesis\temp for stateful session passivation
ene 18, 2015 6:58:22 P.M. org.apache.openejb.config.AutoConfig deploy
INFO: Configuring PersistenceUnit(name=SemaforizacionInteligente, provider=org.hibernate.ejb.HibernatePersistence)
ene 18, 2015 6:58:22 P.M. org.apache.openejb.config.AutoConfig logAutoCreateResource
INFO: Auto-creating a Resource with id 'sisi-DSNonJta' of type 'DataSource for 'SemaforizacionInteligente'.
ene 18, 2015 6:58:22 P.M. org.apache.openejb.config.AutoConfig deploy
INFO: Configuring Service(id=sisi-DSNonJta, type=Resource, provider-id=sisi-DS)
ene 18, 2015 6:58:22 P.M. org.apache.openejb.assembler.classic.Assembler createRecipe
INFO: Creating Resource(id=sisi-DSNonJta)
ene 18, 2015 6:58:22 P.M. org.apache.tomee.jdbc.TomEEDataSourceCreator$TomEEDataSource readOnly
INFO: Disabling testOnBorrow since no validation query is provided
ene 18, 2015 6:58:22 P.M. org.apache.openejb.config.AutoConfig setJtaDataSource
INFO: Adjusting PersistenceUnit SemaforizacionInteligente <jta-data-source> to Resource ID 'sisi-DS' from 'null'
ene 18, 2015 6:58:22 P.M. org.apache.openejb.config.AutoConfig setNonJtaDataSource
INFO: Adjusting PersistenceUnit SemaforizacionInteligente <non-jta-data-source> to Resource ID 'sisi-DSNonJta' from 'null'
ene 18, 2015 6:58:22 P.M. org.apache.openejb.config.AppInfoBuilder build
INFO: Enterprise application "C:\tomee-tesis\webapps\sisi-servlets" loaded.
ene 18, 2015 6:58:22 P.M. org.apache.openejb.assembler.classic.Assembler createApplication
INFO: Assembling app: C:\tomee-tesis\webapps\sisi-servlets
ene 18, 2015 6:58:23 P.M. org.hibernate.annotations.common.Version <clinit>
INFO: HCANN000001: Hibernate Commons Annotations {4.0.1.Final}
ene 18, 2015 6:58:23 P.M. org.hibernate.Version logVersion
INFO: HHH000412: Hibernate Core {4.1.4.Final}
ene 18, 2015 6:58:23 P.M. org.hibernate.cfg.Environment <clinit>
INFO: HHH000206: hibernate.properties not found
ene 18, 2015 6:58:23 P.M. org.hibernate.cfg.Environment buildBytecodeProvider
INFO: HHH000021: Bytecode provider name : javassist
ene 18, 2015 6:58:23 P.M. org.hibernate.ejb.Ejb3Configuration configure
INFO: HHH000204: Processing PersistenceUnitInfo [
	name: SemaforizacionInteligente
	...]
ene 18, 2015 6:58:23 P.M. org.hibernate.service.jdbc.connections.internal.ConnectionProviderInitiator instantiateExplicitConnectionProvider
INFO: HHH000130: Instantiating explicit connection provider: org.hibernate.ejb.connection.InjectedDataSourceConnectionProvider
ene 18, 2015 6:58:23 P.M. org.hibernate.dialect.Dialect <init>
INFO: HHH000400: Using dialect: org.hibernate.dialect.MySQLDialect
ene 18, 2015 6:58:23 P.M. org.hibernate.engine.jdbc.internal.LobCreatorBuilder useContextualLobCreation
INFO: HHH000423: Disabling contextual LOB creation as JDBC driver reported JDBC version [3] less than 4
ene 18, 2015 6:58:23 P.M. org.hibernate.engine.transaction.internal.TransactionFactoryInitiator initiateService
INFO: HHH000268: Transaction strategy: org.hibernate.engine.transaction.internal.jta.CMTTransactionFactory
ene 18, 2015 6:58:23 P.M. org.hibernate.hql.internal.ast.ASTQueryTranslatorFactory <init>
INFO: HHH000397: Using ASTQueryTranslatorFactory
ene 18, 2015 6:58:23 P.M. org.hibernate.validator.util.Version <clinit>
INFO: Hibernate Validator 4.2.0.Final
ene 18, 2015 6:58:24 P.M. org.hibernate.tool.hbm2ddl.SchemaExport execute
INFO: HHH000227: Running hbm2ddl schema export
ene 18, 2015 6:58:24 P.M. org.hibernate.tool.hbm2ddl.SchemaExport execute
INFO: HHH000230: Schema export complete
ene 18, 2015 6:58:24 P.M. org.apache.openejb.assembler.classic.ReloadableEntityManagerFactory createDelegate
INFO: PersistenceUnit(name=SemaforizacionInteligente, provider=org.hibernate.ejb.HibernatePersistence) - provider time 1648ms
ene 18, 2015 6:58:24 P.M. org.apache.openejb.assembler.classic.JndiBuilder bind
INFO: Jndi(name=PlanManagerLocalBean) --> Ejb(deployment-id=PlanManager)
ene 18, 2015 6:58:24 P.M. org.apache.openejb.assembler.classic.JndiBuilder bind
INFO: Jndi(name=global/sisi-servlets/PlanManager!com.r2c.pfc.model.negocio.PlanManager) --> Ejb(deployment-id=PlanManager)
ene 18, 2015 6:58:24 P.M. org.apache.openejb.assembler.classic.JndiBuilder bind
INFO: Jndi(name=global/sisi-servlets/PlanManager) --> Ejb(deployment-id=PlanManager)
ene 18, 2015 6:58:24 P.M. org.apache.openejb.assembler.classic.JndiBuilder bind
INFO: Jndi(name=CalleManagerLocalBean) --> Ejb(deployment-id=CalleManager)
ene 18, 2015 6:58:24 P.M. org.apache.openejb.assembler.classic.JndiBuilder bind
INFO: Jndi(name=global/sisi-servlets/CalleManager!com.r2c.pfc.model.negocio.CalleManager) --> Ejb(deployment-id=CalleManager)
ene 18, 2015 6:58:24 P.M. org.apache.openejb.assembler.classic.JndiBuilder bind
INFO: Jndi(name=global/sisi-servlets/CalleManager) --> Ejb(deployment-id=CalleManager)
ene 18, 2015 6:58:24 P.M. org.apache.openejb.assembler.classic.JndiBuilder bind
INFO: Jndi(name=SemaforoManagerLocalBean) --> Ejb(deployment-id=SemaforoManager)
ene 18, 2015 6:58:24 P.M. org.apache.openejb.assembler.classic.JndiBuilder bind
INFO: Jndi(name=global/sisi-servlets/SemaforoManager!com.r2c.pfc.model.negocio.SemaforoManager) --> Ejb(deployment-id=SemaforoManager)
ene 18, 2015 6:58:24 P.M. org.apache.openejb.assembler.classic.JndiBuilder bind
INFO: Jndi(name=global/sisi-servlets/SemaforoManager) --> Ejb(deployment-id=SemaforoManager)
ene 18, 2015 6:58:24 P.M. org.apache.openejb.assembler.classic.JndiBuilder bind
INFO: Jndi(name=EtapaManagerLocalBean) --> Ejb(deployment-id=EtapaManager)
ene 18, 2015 6:58:24 P.M. org.apache.openejb.assembler.classic.JndiBuilder bind
INFO: Jndi(name=global/sisi-servlets/EtapaManager!com.r2c.pfc.model.negocio.EtapaManager) --> Ejb(deployment-id=EtapaManager)
ene 18, 2015 6:58:24 P.M. org.apache.openejb.assembler.classic.JndiBuilder bind
INFO: Jndi(name=global/sisi-servlets/EtapaManager) --> Ejb(deployment-id=EtapaManager)
ene 18, 2015 6:58:24 P.M. org.apache.openejb.assembler.classic.JndiBuilder bind
INFO: Jndi(name=ControladorManagerLocalBean) --> Ejb(deployment-id=ControladorManager)
ene 18, 2015 6:58:24 P.M. org.apache.openejb.assembler.classic.JndiBuilder bind
INFO: Jndi(name=global/sisi-servlets/ControladorManager!com.r2c.pfc.model.negocio.ControladorManager) --> Ejb(deployment-id=ControladorManager)
ene 18, 2015 6:58:24 P.M. org.apache.openejb.assembler.classic.JndiBuilder bind
INFO: Jndi(name=global/sisi-servlets/ControladorManager) --> Ejb(deployment-id=ControladorManager)
ene 18, 2015 6:58:24 P.M. org.apache.openejb.assembler.classic.JndiBuilder bind
INFO: Jndi(name=CruceSemaforosManagerLocalBean) --> Ejb(deployment-id=CruceSemaforosManager)
ene 18, 2015 6:58:24 P.M. org.apache.openejb.assembler.classic.JndiBuilder bind
INFO: Jndi(name=global/sisi-servlets/CruceSemaforosManager!com.r2c.pfc.model.negocio.CruceSemaforosManager) --> Ejb(deployment-id=CruceSemaforosManager)
ene 18, 2015 6:58:24 P.M. org.apache.openejb.assembler.classic.JndiBuilder bind
INFO: Jndi(name=global/sisi-servlets/CruceSemaforosManager) --> Ejb(deployment-id=CruceSemaforosManager)
ene 18, 2015 6:58:24 P.M. org.apache.openejb.assembler.classic.JndiBuilder bind
INFO: Jndi(name=UsuarioManagerLocalBean) --> Ejb(deployment-id=UsuarioManager)
ene 18, 2015 6:58:24 P.M. org.apache.openejb.assembler.classic.JndiBuilder bind
INFO: Jndi(name=global/sisi-servlets/UsuarioManager!com.r2c.pfc.model.negocio.UsuarioManager) --> Ejb(deployment-id=UsuarioManager)
ene 18, 2015 6:58:24 P.M. org.apache.openejb.assembler.classic.JndiBuilder bind
INFO: Jndi(name=global/sisi-servlets/UsuarioManager) --> Ejb(deployment-id=UsuarioManager)
ene 18, 2015 6:58:24 P.M. org.apache.openejb.cdi.CdiBuilder initSingleton
INFO: Existing thread singleton service in SystemInstance(): org.apache.openejb.cdi.ThreadSingletonServiceImpl@36d41a34
ene 18, 2015 6:58:24 P.M. org.apache.openejb.cdi.OpenEJBLifecycle startApplication
INFO: OpenWebBeans Container is starting...
ene 18, 2015 6:58:24 P.M. org.apache.webbeans.plugins.PluginLoader startUp
INFO: Adding OpenWebBeansPlugin : [CdiPlugin]
ene 18, 2015 6:58:24 P.M. org.apache.webbeans.plugins.PluginLoader startUp
INFO: Adding OpenWebBeansPlugin : [OpenWebBeansJsfPlugin]
ene 18, 2015 6:58:25 P.M. org.apache.webbeans.config.BeansDeployer validateInjectionPoints
INFO: All injection points were validated successfully.
ene 18, 2015 6:58:25 P.M. org.apache.openejb.cdi.OpenEJBLifecycle startApplication
INFO: OpenWebBeans Container has started, it took 78 ms.
ene 18, 2015 6:58:25 P.M. org.apache.openejb.assembler.classic.Assembler startEjbs
INFO: Created Ejb(deployment-id=UsuarioManager, ejb-name=UsuarioManager, container=Default Stateful Container)
ene 18, 2015 6:58:25 P.M. org.apache.openejb.assembler.classic.Assembler startEjbs
INFO: Created Ejb(deployment-id=PlanManager, ejb-name=PlanManager, container=Default Stateless Container)
ene 18, 2015 6:58:25 P.M. org.apache.openejb.assembler.classic.Assembler startEjbs
INFO: Created Ejb(deployment-id=CalleManager, ejb-name=CalleManager, container=Default Stateless Container)
ene 18, 2015 6:58:25 P.M. org.apache.openejb.assembler.classic.Assembler startEjbs
INFO: Created Ejb(deployment-id=SemaforoManager, ejb-name=SemaforoManager, container=Default Stateless Container)
ene 18, 2015 6:58:25 P.M. org.apache.openejb.assembler.classic.Assembler startEjbs
INFO: Created Ejb(deployment-id=ControladorManager, ejb-name=ControladorManager, container=Default Stateless Container)
ene 18, 2015 6:58:25 P.M. org.apache.openejb.assembler.classic.Assembler startEjbs
INFO: Created Ejb(deployment-id=EtapaManager, ejb-name=EtapaManager, container=Default Stateless Container)
ene 18, 2015 6:58:25 P.M. org.apache.openejb.assembler.classic.Assembler startEjbs
INFO: Created Ejb(deployment-id=CruceSemaforosManager, ejb-name=CruceSemaforosManager, container=Default Stateless Container)
ene 18, 2015 6:58:25 P.M. org.apache.openejb.assembler.classic.Assembler startEjbs
INFO: Started Ejb(deployment-id=UsuarioManager, ejb-name=UsuarioManager, container=Default Stateful Container)
ene 18, 2015 6:58:25 P.M. org.apache.openejb.assembler.classic.Assembler startEjbs
INFO: Started Ejb(deployment-id=PlanManager, ejb-name=PlanManager, container=Default Stateless Container)
ene 18, 2015 6:58:25 P.M. org.apache.openejb.assembler.classic.Assembler startEjbs
INFO: Started Ejb(deployment-id=CalleManager, ejb-name=CalleManager, container=Default Stateless Container)
ene 18, 2015 6:58:25 P.M. org.apache.openejb.assembler.classic.Assembler startEjbs
INFO: Started Ejb(deployment-id=SemaforoManager, ejb-name=SemaforoManager, container=Default Stateless Container)
ene 18, 2015 6:58:25 P.M. org.apache.openejb.assembler.classic.Assembler startEjbs
INFO: Started Ejb(deployment-id=ControladorManager, ejb-name=ControladorManager, container=Default Stateless Container)
ene 18, 2015 6:58:25 P.M. org.apache.openejb.assembler.classic.Assembler startEjbs
INFO: Started Ejb(deployment-id=EtapaManager, ejb-name=EtapaManager, container=Default Stateless Container)
ene 18, 2015 6:58:25 P.M. org.apache.openejb.assembler.classic.Assembler startEjbs
INFO: Started Ejb(deployment-id=CruceSemaforosManager, ejb-name=CruceSemaforosManager, container=Default Stateless Container)
ene 18, 2015 6:58:25 P.M. org.apache.openejb.assembler.classic.Assembler createApplication
INFO: Deployed Application(path=C:\tomee-tesis\webapps\sisi-servlets)
ene 18, 2015 6:58:25 P.M. org.apache.catalina.startup.HostConfig deployWAR
INFO: Deployment of web application archive C:\tomee-tesis\webapps\sisi-servlets.war has finished in 3,136 ms
ene 18, 2015 6:58:25 P.M. org.apache.catalina.startup.HostConfig deployDirectory
INFO: Deploying web application directory C:\tomee-tesis\webapps\docs
ene 18, 2015 6:58:25 P.M. org.apache.tomee.catalina.TomcatWebAppBuilder init
INFO: ------------------------- localhost -> /docs
ene 18, 2015 6:58:25 P.M. org.apache.openejb.config.ConfigurationFactory configureApplication
INFO: Configuring enterprise application: C:\tomee-tesis\webapps\docs
ene 18, 2015 6:58:25 P.M. org.apache.openejb.config.AppInfoBuilder build
INFO: Enterprise application "C:\tomee-tesis\webapps\docs" loaded.
ene 18, 2015 6:58:25 P.M. org.apache.openejb.assembler.classic.Assembler createApplication
INFO: Assembling app: C:\tomee-tesis\webapps\docs
ene 18, 2015 6:58:25 P.M. org.apache.openejb.cdi.CdiBuilder initSingleton
INFO: Existing thread singleton service in SystemInstance(): org.apache.openejb.cdi.ThreadSingletonServiceImpl@36d41a34
ene 18, 2015 6:58:25 P.M. org.apache.openejb.cdi.OpenEJBLifecycle startApplication
INFO: OpenWebBeans Container is starting...
ene 18, 2015 6:58:25 P.M. org.apache.webbeans.plugins.PluginLoader startUp
INFO: Adding OpenWebBeansPlugin : [CdiPlugin]
ene 18, 2015 6:58:25 P.M. org.apache.webbeans.plugins.PluginLoader startUp
INFO: Adding OpenWebBeansPlugin : [OpenWebBeansJsfPlugin]
ene 18, 2015 6:58:25 P.M. org.apache.webbeans.config.BeansDeployer validateInjectionPoints
INFO: All injection points were validated successfully.
ene 18, 2015 6:58:25 P.M. org.apache.openejb.cdi.OpenEJBLifecycle startApplication
INFO: OpenWebBeans Container has started, it took 0 ms.
ene 18, 2015 6:58:25 P.M. org.apache.openejb.assembler.classic.Assembler createApplication
INFO: Deployed Application(path=C:\tomee-tesis\webapps\docs)
ene 18, 2015 6:58:25 P.M. org.apache.catalina.startup.HostConfig deployDirectory
INFO: Deployment of web application directory C:\tomee-tesis\webapps\docs has finished in 218 ms
ene 18, 2015 6:58:25 P.M. org.apache.catalina.startup.HostConfig deployDirectory
INFO: Deploying web application directory C:\tomee-tesis\webapps\host-manager
ene 18, 2015 6:58:25 P.M. org.apache.tomee.catalina.TomcatWebAppBuilder init
INFO: ------------------------- localhost -> /host-manager
ene 18, 2015 6:58:25 P.M. org.apache.openejb.config.ConfigurationFactory configureApplication
INFO: Configuring enterprise application: C:\tomee-tesis\webapps\host-manager
ene 18, 2015 6:58:25 P.M. org.apache.openejb.config.AppInfoBuilder build
INFO: Enterprise application "C:\tomee-tesis\webapps\host-manager" loaded.
ene 18, 2015 6:58:25 P.M. org.apache.openejb.assembler.classic.Assembler createApplication
INFO: Assembling app: C:\tomee-tesis\webapps\host-manager
ene 18, 2015 6:58:25 P.M. org.apache.openejb.cdi.CdiBuilder initSingleton
INFO: Existing thread singleton service in SystemInstance(): org.apache.openejb.cdi.ThreadSingletonServiceImpl@36d41a34
ene 18, 2015 6:58:25 P.M. org.apache.openejb.cdi.OpenEJBLifecycle startApplication
INFO: OpenWebBeans Container is starting...
ene 18, 2015 6:58:25 P.M. org.apache.webbeans.plugins.PluginLoader startUp
INFO: Adding OpenWebBeansPlugin : [CdiPlugin]
ene 18, 2015 6:58:25 P.M. org.apache.webbeans.plugins.PluginLoader startUp
INFO: Adding OpenWebBeansPlugin : [OpenWebBeansJsfPlugin]
ene 18, 2015 6:58:25 P.M. org.apache.webbeans.config.BeansDeployer validateInjectionPoints
INFO: All injection points were validated successfully.
ene 18, 2015 6:58:25 P.M. org.apache.openejb.cdi.OpenEJBLifecycle startApplication
INFO: OpenWebBeans Container has started, it took 15 ms.
ene 18, 2015 6:58:25 P.M. org.apache.tomee.catalina.TomcatWebAppBuilder deployWebApps
INFO: using context file C:\tomee-tesis\webapps\host-manager\META-INF\context.xml
ene 18, 2015 6:58:25 P.M. org.apache.openejb.assembler.classic.Assembler createApplication
INFO: Deployed Application(path=C:\tomee-tesis\webapps\host-manager)
ene 18, 2015 6:58:25 P.M. org.apache.catalina.startup.HostConfig deployDirectory
INFO: Deployment of web application directory C:\tomee-tesis\webapps\host-manager has finished in 218 ms
ene 18, 2015 6:58:25 P.M. org.apache.catalina.startup.HostConfig deployDirectory
INFO: Deploying web application directory C:\tomee-tesis\webapps\manager
ene 18, 2015 6:58:25 P.M. org.apache.tomee.catalina.TomcatWebAppBuilder init
INFO: ------------------------- localhost -> /manager
ene 18, 2015 6:58:25 P.M. org.apache.openejb.config.ConfigurationFactory configureApplication
INFO: Configuring enterprise application: C:\tomee-tesis\webapps\manager
ene 18, 2015 6:58:25 P.M. org.apache.openejb.config.AppInfoBuilder build
INFO: Enterprise application "C:\tomee-tesis\webapps\manager" loaded.
ene 18, 2015 6:58:25 P.M. org.apache.openejb.assembler.classic.Assembler createApplication
INFO: Assembling app: C:\tomee-tesis\webapps\manager
ene 18, 2015 6:58:25 P.M. org.apache.openejb.cdi.CdiBuilder initSingleton
INFO: Existing thread singleton service in SystemInstance(): org.apache.openejb.cdi.ThreadSingletonServiceImpl@36d41a34
ene 18, 2015 6:58:25 P.M. org.apache.openejb.cdi.OpenEJBLifecycle startApplication
INFO: OpenWebBeans Container is starting...
ene 18, 2015 6:58:25 P.M. org.apache.webbeans.plugins.PluginLoader startUp
INFO: Adding OpenWebBeansPlugin : [CdiPlugin]
ene 18, 2015 6:58:25 P.M. org.apache.webbeans.plugins.PluginLoader startUp
INFO: Adding OpenWebBeansPlugin : [OpenWebBeansJsfPlugin]
ene 18, 2015 6:58:25 P.M. org.apache.webbeans.config.BeansDeployer validateInjectionPoints
INFO: All injection points were validated successfully.
ene 18, 2015 6:58:25 P.M. org.apache.openejb.cdi.OpenEJBLifecycle startApplication
INFO: OpenWebBeans Container has started, it took 15 ms.
ene 18, 2015 6:58:25 P.M. org.apache.tomee.catalina.TomcatWebAppBuilder deployWebApps
INFO: using context file C:\tomee-tesis\webapps\manager\META-INF\context.xml
ene 18, 2015 6:58:25 P.M. org.apache.openejb.assembler.classic.Assembler createApplication
INFO: Deployed Application(path=C:\tomee-tesis\webapps\manager)
ene 18, 2015 6:58:26 P.M. org.apache.catalina.startup.HostConfig deployDirectory
INFO: Deployment of web application directory C:\tomee-tesis\webapps\manager has finished in 188 ms
ene 18, 2015 6:58:26 P.M. org.apache.catalina.startup.HostConfig deployDirectory
INFO: Deploying web application directory C:\tomee-tesis\webapps\ROOT
ene 18, 2015 6:58:26 P.M. org.apache.tomee.catalina.TomcatWebAppBuilder init
INFO: ------------------------- localhost -> /
ene 18, 2015 6:58:26 P.M. org.apache.openejb.config.ConfigurationFactory configureApplication
INFO: Configuring enterprise application: C:\tomee-tesis\webapps\ROOT
ene 18, 2015 6:58:26 P.M. org.apache.openejb.config.AppInfoBuilder build
INFO: Enterprise application "C:\tomee-tesis\webapps\ROOT" loaded.
ene 18, 2015 6:58:26 P.M. org.apache.openejb.assembler.classic.Assembler createApplication
INFO: Assembling app: C:\tomee-tesis\webapps\ROOT
ene 18, 2015 6:58:26 P.M. org.apache.openejb.cdi.CdiBuilder initSingleton
INFO: Existing thread singleton service in SystemInstance(): org.apache.openejb.cdi.ThreadSingletonServiceImpl@36d41a34
ene 18, 2015 6:58:26 P.M. org.apache.openejb.cdi.OpenEJBLifecycle startApplication
INFO: OpenWebBeans Container is starting...
ene 18, 2015 6:58:26 P.M. org.apache.webbeans.plugins.PluginLoader startUp
INFO: Adding OpenWebBeansPlugin : [CdiPlugin]
ene 18, 2015 6:58:26 P.M. org.apache.webbeans.plugins.PluginLoader startUp
INFO: Adding OpenWebBeansPlugin : [OpenWebBeansJsfPlugin]
ene 18, 2015 6:58:26 P.M. org.apache.webbeans.config.BeansDeployer validateInjectionPoints
INFO: All injection points were validated successfully.
ene 18, 2015 6:58:26 P.M. org.apache.openejb.cdi.OpenEJBLifecycle startApplication
INFO: OpenWebBeans Container has started, it took 16 ms.
ene 18, 2015 6:58:26 P.M. org.apache.openejb.assembler.classic.Assembler createApplication
INFO: Deployed Application(path=C:\tomee-tesis\webapps\ROOT)
ene 18, 2015 6:58:26 P.M. org.apache.catalina.startup.HostConfig deployDirectory
INFO: Deployment of web application directory C:\tomee-tesis\webapps\ROOT has finished in 171 ms
ene 18, 2015 6:58:26 P.M. org.apache.catalina.startup.HostConfig deployDirectory
INFO: Deploying web application directory C:\tomee-tesis\webapps\tomee
ene 18, 2015 6:58:26 P.M. org.apache.tomee.catalina.TomcatWebAppBuilder init
INFO: ------------------------- localhost -> /tomee
ene 18, 2015 6:58:26 P.M. org.apache.openejb.config.ConfigurationFactory configureApplication
INFO: Configuring enterprise application: C:\tomee-tesis\webapps\tomee
ene 18, 2015 6:58:26 P.M. org.apache.openejb.config.AppInfoBuilder build
INFO: Enterprise application "C:\tomee-tesis\webapps\tomee" loaded.
ene 18, 2015 6:58:26 P.M. org.apache.openejb.assembler.classic.Assembler createApplication
INFO: Assembling app: C:\tomee-tesis\webapps\tomee
ene 18, 2015 6:58:26 P.M. org.apache.openejb.cdi.CdiBuilder initSingleton
INFO: Existing thread singleton service in SystemInstance(): org.apache.openejb.cdi.ThreadSingletonServiceImpl@36d41a34
ene 18, 2015 6:58:26 P.M. org.apache.openejb.cdi.OpenEJBLifecycle startApplication
INFO: OpenWebBeans Container is starting...
ene 18, 2015 6:58:26 P.M. org.apache.webbeans.plugins.PluginLoader startUp
INFO: Adding OpenWebBeansPlugin : [CdiPlugin]
ene 18, 2015 6:58:26 P.M. org.apache.webbeans.plugins.PluginLoader startUp
INFO: Adding OpenWebBeansPlugin : [OpenWebBeansJsfPlugin]
ene 18, 2015 6:58:26 P.M. org.apache.webbeans.config.BeansDeployer validateInjectionPoints
INFO: All injection points were validated successfully.
ene 18, 2015 6:58:26 P.M. org.apache.openejb.cdi.OpenEJBLifecycle startApplication
INFO: OpenWebBeans Container has started, it took 16 ms.
ene 18, 2015 6:58:26 P.M. org.apache.openejb.assembler.classic.Assembler createApplication
INFO: Deployed Application(path=C:\tomee-tesis\webapps\tomee)
ene 18, 2015 6:58:26 P.M. org.apache.catalina.startup.HostConfig deployDirectory
INFO: Deployment of web application directory C:\tomee-tesis\webapps\tomee has finished in 172 ms
ene 18, 2015 6:58:26 P.M. org.apache.coyote.AbstractProtocol start
INFO: Starting ProtocolHandler ["http-bio-8080"]
ene 18, 2015 6:58:26 P.M. org.apache.coyote.AbstractProtocol start
INFO: Starting ProtocolHandler ["ajp-bio-8009"]
ene 18, 2015 6:58:26 P.M. org.apache.catalina.startup.Catalina start
INFO: Server startup in 4194 ms
ene 18, 2015 7:01:16 P.M. org.apache.catalina.startup.HostConfig undeploy
INFO: Undeploying context [/sisi-servlets]
ene 18, 2015 7:01:16 P.M. org.apache.openejb.assembler.classic.Assembler destroyApplication
INFO: Undeploying app: C:\tomee-tesis\webapps\sisi-servlets
ene 18, 2015 7:01:16 P.M. org.apache.catalina.loader.WebappClassLoader clearReferencesThreads
SEVERE: The web application [/sisi-servlets] appears to have started a thread named [MySQL Statement Cancellation Timer] but has failed to stop it. This is very likely to create a memory leak.
ene 18, 2015 7:01:17 P.M. org.apache.catalina.startup.HostConfig deployWAR
INFO: Deploying web application archive C:\tomee-tesis\webapps\sisi-servlets.war
ene 18, 2015 7:01:17 P.M. org.apache.tomee.catalina.TomcatWebAppBuilder init
INFO: ------------------------- localhost -> /sisi-servlets
ene 18, 2015 7:01:17 P.M. org.apache.openejb.util.JarExtractor extract
INFO: Extracting jar: C:\tomee-tesis\webapps\sisi-servlets.war
ene 18, 2015 7:01:17 P.M. org.apache.openejb.util.JarExtractor extract
INFO: Extracted path: C:\tomee-tesis\webapps\sisi-servlets
ene 18, 2015 7:01:17 P.M. org.apache.openejb.config.ConfigurationFactory configureApplication
INFO: Configuring enterprise application: C:\tomee-tesis\webapps\sisi-servlets
ene 18, 2015 7:01:17 P.M. org.apache.openejb.config.InitEjbDeployments deploy
INFO: Auto-deploying ejb PlanManager: EjbDeployment(deployment-id=PlanManager)
ene 18, 2015 7:01:17 P.M. org.apache.openejb.config.InitEjbDeployments deploy
INFO: Auto-deploying ejb CalleManager: EjbDeployment(deployment-id=CalleManager)
ene 18, 2015 7:01:17 P.M. org.apache.openejb.config.InitEjbDeployments deploy
INFO: Auto-deploying ejb ControladorManager: EjbDeployment(deployment-id=ControladorManager)
ene 18, 2015 7:01:17 P.M. org.apache.openejb.config.InitEjbDeployments deploy
INFO: Auto-deploying ejb EtapaManager: EjbDeployment(deployment-id=EtapaManager)
ene 18, 2015 7:01:17 P.M. org.apache.openejb.config.InitEjbDeployments deploy
INFO: Auto-deploying ejb SemaforoManager: EjbDeployment(deployment-id=SemaforoManager)
ene 18, 2015 7:01:17 P.M. org.apache.openejb.config.InitEjbDeployments deploy
INFO: Auto-deploying ejb CruceSemaforosManager: EjbDeployment(deployment-id=CruceSemaforosManager)
ene 18, 2015 7:01:17 P.M. org.apache.openejb.config.InitEjbDeployments deploy
INFO: Auto-deploying ejb UsuarioManager: EjbDeployment(deployment-id=UsuarioManager)
ene 18, 2015 7:01:17 P.M. org.apache.openejb.config.AutoConfig deploy
INFO: Configuring PersistenceUnit(name=SemaforizacionInteligente, provider=org.hibernate.ejb.HibernatePersistence)
ene 18, 2015 7:01:17 P.M. org.apache.openejb.config.AutoConfig setJtaDataSource
INFO: Adjusting PersistenceUnit SemaforizacionInteligente <jta-data-source> to Resource ID 'sisi-DS' from 'null'
ene 18, 2015 7:01:17 P.M. org.apache.openejb.config.AutoConfig setNonJtaDataSource
INFO: Adjusting PersistenceUnit SemaforizacionInteligente <non-jta-data-source> to Resource ID 'sisi-DSNonJta' from 'null'
ene 18, 2015 7:01:17 P.M. org.apache.openejb.config.AppInfoBuilder build
INFO: Enterprise application "C:\tomee-tesis\webapps\sisi-servlets" loaded.
ene 18, 2015 7:01:17 P.M. org.apache.openejb.assembler.classic.Assembler createApplication
INFO: Assembling app: C:\tomee-tesis\webapps\sisi-servlets
ene 18, 2015 7:01:17 P.M. org.apache.openejb.assembler.classic.ReloadableEntityManagerFactory createDelegate
INFO: PersistenceUnit(name=SemaforizacionInteligente, provider=org.hibernate.ejb.HibernatePersistence) - provider time 305ms
ene 18, 2015 7:01:17 P.M. org.apache.openejb.assembler.classic.JndiBuilder bind
INFO: Jndi(name=PlanManagerLocalBean) --> Ejb(deployment-id=PlanManager)
ene 18, 2015 7:01:17 P.M. org.apache.openejb.assembler.classic.JndiBuilder bind
INFO: Jndi(name=global/sisi-servlets/PlanManager!com.r2c.pfc.model.negocio.PlanManager) --> Ejb(deployment-id=PlanManager)
ene 18, 2015 7:01:17 P.M. org.apache.openejb.assembler.classic.JndiBuilder bind
INFO: Jndi(name=global/sisi-servlets/PlanManager) --> Ejb(deployment-id=PlanManager)
ene 18, 2015 7:01:17 P.M. org.apache.openejb.assembler.classic.JndiBuilder bind
INFO: Jndi(name=CalleManagerLocalBean) --> Ejb(deployment-id=CalleManager)
ene 18, 2015 7:01:17 P.M. org.apache.openejb.assembler.classic.JndiBuilder bind
INFO: Jndi(name=global/sisi-servlets/CalleManager!com.r2c.pfc.model.negocio.CalleManager) --> Ejb(deployment-id=CalleManager)
ene 18, 2015 7:01:17 P.M. org.apache.openejb.assembler.classic.JndiBuilder bind
INFO: Jndi(name=global/sisi-servlets/CalleManager) --> Ejb(deployment-id=CalleManager)
ene 18, 2015 7:01:17 P.M. org.apache.openejb.assembler.classic.JndiBuilder bind
INFO: Jndi(name=ControladorManagerLocalBean) --> Ejb(deployment-id=ControladorManager)
ene 18, 2015 7:01:17 P.M. org.apache.openejb.assembler.classic.JndiBuilder bind
INFO: Jndi(name=global/sisi-servlets/ControladorManager!com.r2c.pfc.model.negocio.ControladorManager) --> Ejb(deployment-id=ControladorManager)
ene 18, 2015 7:01:17 P.M. org.apache.openejb.assembler.classic.JndiBuilder bind
INFO: Jndi(name=global/sisi-servlets/ControladorManager) --> Ejb(deployment-id=ControladorManager)
ene 18, 2015 7:01:17 P.M. org.apache.openejb.assembler.classic.JndiBuilder bind
INFO: Jndi(name=EtapaManagerLocalBean) --> Ejb(deployment-id=EtapaManager)
ene 18, 2015 7:01:17 P.M. org.apache.openejb.assembler.classic.JndiBuilder bind
INFO: Jndi(name=global/sisi-servlets/EtapaManager!com.r2c.pfc.model.negocio.EtapaManager) --> Ejb(deployment-id=EtapaManager)
ene 18, 2015 7:01:17 P.M. org.apache.openejb.assembler.classic.JndiBuilder bind
INFO: Jndi(name=global/sisi-servlets/EtapaManager) --> Ejb(deployment-id=EtapaManager)
ene 18, 2015 7:01:17 P.M. org.apache.openejb.assembler.classic.JndiBuilder bind
INFO: Jndi(name=SemaforoManagerLocalBean) --> Ejb(deployment-id=SemaforoManager)
ene 18, 2015 7:01:17 P.M. org.apache.openejb.assembler.classic.JndiBuilder bind
INFO: Jndi(name=global/sisi-servlets/SemaforoManager!com.r2c.pfc.model.negocio.SemaforoManager) --> Ejb(deployment-id=SemaforoManager)
ene 18, 2015 7:01:17 P.M. org.apache.openejb.assembler.classic.JndiBuilder bind
INFO: Jndi(name=global/sisi-servlets/SemaforoManager) --> Ejb(deployment-id=SemaforoManager)
ene 18, 2015 7:01:17 P.M. org.apache.openejb.assembler.classic.JndiBuilder bind
INFO: Jndi(name=CruceSemaforosManagerLocalBean) --> Ejb(deployment-id=CruceSemaforosManager)
ene 18, 2015 7:01:17 P.M. org.apache.openejb.assembler.classic.JndiBuilder bind
INFO: Jndi(name=global/sisi-servlets/CruceSemaforosManager!com.r2c.pfc.model.negocio.CruceSemaforosManager) --> Ejb(deployment-id=CruceSemaforosManager)
ene 18, 2015 7:01:17 P.M. org.apache.openejb.assembler.classic.JndiBuilder bind
INFO: Jndi(name=global/sisi-servlets/CruceSemaforosManager) --> Ejb(deployment-id=CruceSemaforosManager)
ene 18, 2015 7:01:17 P.M. org.apache.openejb.assembler.classic.JndiBuilder bind
INFO: Jndi(name=UsuarioManagerLocalBean) --> Ejb(deployment-id=UsuarioManager)
ene 18, 2015 7:01:17 P.M. org.apache.openejb.assembler.classic.JndiBuilder bind
INFO: Jndi(name=global/sisi-servlets/UsuarioManager!com.r2c.pfc.model.negocio.UsuarioManager) --> Ejb(deployment-id=UsuarioManager)
ene 18, 2015 7:01:17 P.M. org.apache.openejb.assembler.classic.JndiBuilder bind
INFO: Jndi(name=global/sisi-servlets/UsuarioManager) --> Ejb(deployment-id=UsuarioManager)
ene 18, 2015 7:01:18 P.M. org.apache.openejb.cdi.CdiBuilder initSingleton
INFO: Existing thread singleton service in SystemInstance(): org.apache.openejb.cdi.ThreadSingletonServiceImpl@36d41a34
ene 18, 2015 7:01:18 P.M. org.apache.openejb.cdi.OpenEJBLifecycle startApplication
INFO: OpenWebBeans Container is starting...
ene 18, 2015 7:01:18 P.M. org.apache.openejb.cdi.OpenEJBLifecycle startApplication
INFO: OpenWebBeans Container has started, it took 0 ms.
ene 18, 2015 7:01:18 P.M. org.apache.openejb.assembler.classic.Assembler startEjbs
INFO: Created Ejb(deployment-id=UsuarioManager, ejb-name=UsuarioManager, container=Default Stateful Container)
ene 18, 2015 7:01:18 P.M. org.apache.openejb.assembler.classic.Assembler startEjbs
INFO: Created Ejb(deployment-id=PlanManager, ejb-name=PlanManager, container=Default Stateless Container)
ene 18, 2015 7:01:18 P.M. org.apache.openejb.assembler.classic.Assembler startEjbs
INFO: Created Ejb(deployment-id=CalleManager, ejb-name=CalleManager, container=Default Stateless Container)
ene 18, 2015 7:01:18 P.M. org.apache.openejb.assembler.classic.Assembler startEjbs
INFO: Created Ejb(deployment-id=SemaforoManager, ejb-name=SemaforoManager, container=Default Stateless Container)
ene 18, 2015 7:01:18 P.M. org.apache.openejb.assembler.classic.Assembler startEjbs
INFO: Created Ejb(deployment-id=EtapaManager, ejb-name=EtapaManager, container=Default Stateless Container)
ene 18, 2015 7:01:18 P.M. org.apache.openejb.assembler.classic.Assembler startEjbs
INFO: Created Ejb(deployment-id=ControladorManager, ejb-name=ControladorManager, container=Default Stateless Container)
ene 18, 2015 7:01:18 P.M. org.apache.openejb.assembler.classic.Assembler startEjbs
INFO: Created Ejb(deployment-id=CruceSemaforosManager, ejb-name=CruceSemaforosManager, container=Default Stateless Container)
ene 18, 2015 7:01:18 P.M. org.apache.openejb.assembler.classic.Assembler startEjbs
INFO: Started Ejb(deployment-id=UsuarioManager, ejb-name=UsuarioManager, container=Default Stateful Container)
ene 18, 2015 7:01:18 P.M. org.apache.openejb.assembler.classic.Assembler startEjbs
INFO: Started Ejb(deployment-id=PlanManager, ejb-name=PlanManager, container=Default Stateless Container)
ene 18, 2015 7:01:18 P.M. org.apache.openejb.assembler.classic.Assembler startEjbs
INFO: Started Ejb(deployment-id=CalleManager, ejb-name=CalleManager, container=Default Stateless Container)
ene 18, 2015 7:01:18 P.M. org.apache.openejb.assembler.classic.Assembler startEjbs
INFO: Started Ejb(deployment-id=SemaforoManager, ejb-name=SemaforoManager, container=Default Stateless Container)
ene 18, 2015 7:01:18 P.M. org.apache.openejb.assembler.classic.Assembler startEjbs
INFO: Started Ejb(deployment-id=EtapaManager, ejb-name=EtapaManager, container=Default Stateless Container)
ene 18, 2015 7:01:18 P.M. org.apache.openejb.assembler.classic.Assembler startEjbs
INFO: Started Ejb(deployment-id=ControladorManager, ejb-name=ControladorManager, container=Default Stateless Container)
ene 18, 2015 7:01:18 P.M. org.apache.openejb.assembler.classic.Assembler startEjbs
INFO: Started Ejb(deployment-id=CruceSemaforosManager, ejb-name=CruceSemaforosManager, container=Default Stateless Container)
ene 18, 2015 7:01:18 P.M. org.apache.openejb.assembler.classic.Assembler createApplication
INFO: Deployed Application(path=C:\tomee-tesis\webapps\sisi-servlets)
ene 18, 2015 7:01:18 P.M. org.apache.catalina.startup.HostConfig deployWAR
INFO: Deployment of web application archive C:\tomee-tesis\webapps\sisi-servlets.war has finished in 983 ms
ene 18, 2015 7:05:28 P.M. org.apache.catalina.startup.HostConfig undeploy
INFO: Undeploying context [/sisi-servlets]
ene 18, 2015 7:05:28 P.M. org.apache.openejb.assembler.classic.Assembler destroyApplication
INFO: Undeploying app: C:\tomee-tesis\webapps\sisi-servlets
ene 18, 2015 7:05:29 P.M. org.apache.catalina.startup.HostConfig deployWAR
INFO: Deploying web application archive C:\tomee-tesis\webapps\sisi-servlets.war
ene 18, 2015 7:05:29 P.M. org.apache.tomee.catalina.TomcatWebAppBuilder init
INFO: ------------------------- localhost -> /sisi-servlets
ene 18, 2015 7:05:29 P.M. org.apache.openejb.util.JarExtractor extract
INFO: Extracting jar: C:\tomee-tesis\webapps\sisi-servlets.war
ene 18, 2015 7:05:29 P.M. org.apache.openejb.util.JarExtractor extract
INFO: Extracted path: C:\tomee-tesis\webapps\sisi-servlets
ene 18, 2015 7:05:29 P.M. org.apache.openejb.config.ConfigurationFactory configureApplication
INFO: Configuring enterprise application: C:\tomee-tesis\webapps\sisi-servlets
ene 18, 2015 7:05:29 P.M. org.apache.openejb.config.InitEjbDeployments deploy
INFO: Auto-deploying ejb CruceSemaforosManager: EjbDeployment(deployment-id=CruceSemaforosManager)
ene 18, 2015 7:05:29 P.M. org.apache.openejb.config.InitEjbDeployments deploy
INFO: Auto-deploying ejb CalleManager: EjbDeployment(deployment-id=CalleManager)
ene 18, 2015 7:05:29 P.M. org.apache.openejb.config.InitEjbDeployments deploy
INFO: Auto-deploying ejb EtapaManager: EjbDeployment(deployment-id=EtapaManager)
ene 18, 2015 7:05:29 P.M. org.apache.openejb.config.InitEjbDeployments deploy
INFO: Auto-deploying ejb PlanManager: EjbDeployment(deployment-id=PlanManager)
ene 18, 2015 7:05:29 P.M. org.apache.openejb.config.InitEjbDeployments deploy
INFO: Auto-deploying ejb ControladorManager: EjbDeployment(deployment-id=ControladorManager)
ene 18, 2015 7:05:29 P.M. org.apache.openejb.config.InitEjbDeployments deploy
INFO: Auto-deploying ejb SemaforoManager: EjbDeployment(deployment-id=SemaforoManager)
ene 18, 2015 7:05:29 P.M. org.apache.openejb.config.InitEjbDeployments deploy
INFO: Auto-deploying ejb UsuarioManager: EjbDeployment(deployment-id=UsuarioManager)
ene 18, 2015 7:05:29 P.M. org.apache.openejb.config.AutoConfig deploy
INFO: Configuring PersistenceUnit(name=SemaforizacionInteligente, provider=org.hibernate.ejb.HibernatePersistence)
ene 18, 2015 7:05:29 P.M. org.apache.openejb.config.AutoConfig setJtaDataSource
INFO: Adjusting PersistenceUnit SemaforizacionInteligente <jta-data-source> to Resource ID 'sisi-DS' from 'null'
ene 18, 2015 7:05:29 P.M. org.apache.openejb.config.AutoConfig setNonJtaDataSource
INFO: Adjusting PersistenceUnit SemaforizacionInteligente <non-jta-data-source> to Resource ID 'sisi-DSNonJta' from 'null'
ene 18, 2015 7:05:29 P.M. org.apache.openejb.config.AppInfoBuilder build
INFO: Enterprise application "C:\tomee-tesis\webapps\sisi-servlets" loaded.
ene 18, 2015 7:05:29 P.M. org.apache.openejb.assembler.classic.Assembler createApplication
INFO: Assembling app: C:\tomee-tesis\webapps\sisi-servlets
ene 18, 2015 7:05:29 P.M. org.apache.openejb.assembler.classic.ReloadableEntityManagerFactory createDelegate
INFO: PersistenceUnit(name=SemaforizacionInteligente, provider=org.hibernate.ejb.HibernatePersistence) - provider time 408ms
ene 18, 2015 7:05:29 P.M. org.apache.openejb.assembler.classic.JndiBuilder bind
INFO: Jndi(name=CruceSemaforosManagerLocalBean) --> Ejb(deployment-id=CruceSemaforosManager)
ene 18, 2015 7:05:29 P.M. org.apache.openejb.assembler.classic.JndiBuilder bind
INFO: Jndi(name=global/sisi-servlets/CruceSemaforosManager!com.r2c.pfc.model.negocio.CruceSemaforosManager) --> Ejb(deployment-id=CruceSemaforosManager)
ene 18, 2015 7:05:29 P.M. org.apache.openejb.assembler.classic.JndiBuilder bind
INFO: Jndi(name=global/sisi-servlets/CruceSemaforosManager) --> Ejb(deployment-id=CruceSemaforosManager)
ene 18, 2015 7:05:29 P.M. org.apache.openejb.assembler.classic.JndiBuilder bind
INFO: Jndi(name=CalleManagerLocalBean) --> Ejb(deployment-id=CalleManager)
ene 18, 2015 7:05:29 P.M. org.apache.openejb.assembler.classic.JndiBuilder bind
INFO: Jndi(name=global/sisi-servlets/CalleManager!com.r2c.pfc.model.negocio.CalleManager) --> Ejb(deployment-id=CalleManager)
ene 18, 2015 7:05:29 P.M. org.apache.openejb.assembler.classic.JndiBuilder bind
INFO: Jndi(name=global/sisi-servlets/CalleManager) --> Ejb(deployment-id=CalleManager)
ene 18, 2015 7:05:29 P.M. org.apache.openejb.assembler.classic.JndiBuilder bind
INFO: Jndi(name=EtapaManagerLocalBean) --> Ejb(deployment-id=EtapaManager)
ene 18, 2015 7:05:29 P.M. org.apache.openejb.assembler.classic.JndiBuilder bind
INFO: Jndi(name=global/sisi-servlets/EtapaManager!com.r2c.pfc.model.negocio.EtapaManager) --> Ejb(deployment-id=EtapaManager)
ene 18, 2015 7:05:29 P.M. org.apache.openejb.assembler.classic.JndiBuilder bind
INFO: Jndi(name=global/sisi-servlets/EtapaManager) --> Ejb(deployment-id=EtapaManager)
ene 18, 2015 7:05:29 P.M. org.apache.openejb.assembler.classic.JndiBuilder bind
INFO: Jndi(name=PlanManagerLocalBean) --> Ejb(deployment-id=PlanManager)
ene 18, 2015 7:05:29 P.M. org.apache.openejb.assembler.classic.JndiBuilder bind
INFO: Jndi(name=global/sisi-servlets/PlanManager!com.r2c.pfc.model.negocio.PlanManager) --> Ejb(deployment-id=PlanManager)
ene 18, 2015 7:05:29 P.M. org.apache.openejb.assembler.classic.JndiBuilder bind
INFO: Jndi(name=global/sisi-servlets/PlanManager) --> Ejb(deployment-id=PlanManager)
ene 18, 2015 7:05:29 P.M. org.apache.openejb.assembler.classic.JndiBuilder bind
INFO: Jndi(name=ControladorManagerLocalBean) --> Ejb(deployment-id=ControladorManager)
ene 18, 2015 7:05:29 P.M. org.apache.openejb.assembler.classic.JndiBuilder bind
INFO: Jndi(name=global/sisi-servlets/ControladorManager!com.r2c.pfc.model.negocio.ControladorManager) --> Ejb(deployment-id=ControladorManager)
ene 18, 2015 7:05:29 P.M. org.apache.openejb.assembler.classic.JndiBuilder bind
INFO: Jndi(name=global/sisi-servlets/ControladorManager) --> Ejb(deployment-id=ControladorManager)
ene 18, 2015 7:05:29 P.M. org.apache.openejb.assembler.classic.JndiBuilder bind
INFO: Jndi(name=SemaforoManagerLocalBean) --> Ejb(deployment-id=SemaforoManager)
ene 18, 2015 7:05:29 P.M. org.apache.openejb.assembler.classic.JndiBuilder bind
INFO: Jndi(name=global/sisi-servlets/SemaforoManager!com.r2c.pfc.model.negocio.SemaforoManager) --> Ejb(deployment-id=SemaforoManager)
ene 18, 2015 7:05:29 P.M. org.apache.openejb.assembler.classic.JndiBuilder bind
INFO: Jndi(name=global/sisi-servlets/SemaforoManager) --> Ejb(deployment-id=SemaforoManager)
ene 18, 2015 7:05:29 P.M. org.apache.openejb.assembler.classic.JndiBuilder bind
INFO: Jndi(name=UsuarioManagerLocalBean) --> Ejb(deployment-id=UsuarioManager)
ene 18, 2015 7:05:29 P.M. org.apache.openejb.assembler.classic.JndiBuilder bind
INFO: Jndi(name=global/sisi-servlets/UsuarioManager!com.r2c.pfc.model.negocio.UsuarioManager) --> Ejb(deployment-id=UsuarioManager)
ene 18, 2015 7:05:29 P.M. org.apache.openejb.assembler.classic.JndiBuilder bind
INFO: Jndi(name=global/sisi-servlets/UsuarioManager) --> Ejb(deployment-id=UsuarioManager)
ene 18, 2015 7:05:29 P.M. org.apache.openejb.cdi.CdiBuilder initSingleton
INFO: Existing thread singleton service in SystemInstance(): org.apache.openejb.cdi.ThreadSingletonServiceImpl@36d41a34
ene 18, 2015 7:05:29 P.M. org.apache.openejb.cdi.OpenEJBLifecycle startApplication
INFO: OpenWebBeans Container is starting...
ene 18, 2015 7:05:29 P.M. org.apache.openejb.cdi.OpenEJBLifecycle startApplication
INFO: OpenWebBeans Container has started, it took 0 ms.
ene 18, 2015 7:05:29 P.M. org.apache.openejb.assembler.classic.Assembler startEjbs
INFO: Created Ejb(deployment-id=UsuarioManager, ejb-name=UsuarioManager, container=Default Stateful Container)
ene 18, 2015 7:05:29 P.M. org.apache.openejb.assembler.classic.Assembler startEjbs
INFO: Created Ejb(deployment-id=PlanManager, ejb-name=PlanManager, container=Default Stateless Container)
ene 18, 2015 7:05:29 P.M. org.apache.openejb.assembler.classic.Assembler startEjbs
INFO: Created Ejb(deployment-id=CalleManager, ejb-name=CalleManager, container=Default Stateless Container)
ene 18, 2015 7:05:29 P.M. org.apache.openejb.assembler.classic.Assembler startEjbs
INFO: Created Ejb(deployment-id=SemaforoManager, ejb-name=SemaforoManager, container=Default Stateless Container)
ene 18, 2015 7:05:29 P.M. org.apache.openejb.assembler.classic.Assembler startEjbs
INFO: Created Ejb(deployment-id=ControladorManager, ejb-name=ControladorManager, container=Default Stateless Container)
ene 18, 2015 7:05:29 P.M. org.apache.openejb.assembler.classic.Assembler startEjbs
INFO: Created Ejb(deployment-id=EtapaManager, ejb-name=EtapaManager, container=Default Stateless Container)
ene 18, 2015 7:05:29 P.M. org.apache.openejb.assembler.classic.Assembler startEjbs
INFO: Created Ejb(deployment-id=CruceSemaforosManager, ejb-name=CruceSemaforosManager, container=Default Stateless Container)
ene 18, 2015 7:05:29 P.M. org.apache.openejb.assembler.classic.Assembler startEjbs
INFO: Started Ejb(deployment-id=UsuarioManager, ejb-name=UsuarioManager, container=Default Stateful Container)
ene 18, 2015 7:05:30 P.M. org.apache.openejb.assembler.classic.Assembler startEjbs
INFO: Started Ejb(deployment-id=PlanManager, ejb-name=PlanManager, container=Default Stateless Container)
ene 18, 2015 7:05:30 P.M. org.apache.openejb.assembler.classic.Assembler startEjbs
INFO: Started Ejb(deployment-id=CalleManager, ejb-name=CalleManager, container=Default Stateless Container)
ene 18, 2015 7:05:30 P.M. org.apache.openejb.assembler.classic.Assembler startEjbs
INFO: Started Ejb(deployment-id=SemaforoManager, ejb-name=SemaforoManager, container=Default Stateless Container)
ene 18, 2015 7:05:30 P.M. org.apache.openejb.assembler.classic.Assembler startEjbs
INFO: Started Ejb(deployment-id=ControladorManager, ejb-name=ControladorManager, container=Default Stateless Container)
ene 18, 2015 7:05:30 P.M. org.apache.openejb.assembler.classic.Assembler startEjbs
INFO: Started Ejb(deployment-id=EtapaManager, ejb-name=EtapaManager, container=Default Stateless Container)
ene 18, 2015 7:05:30 P.M. org.apache.openejb.assembler.classic.Assembler startEjbs
INFO: Started Ejb(deployment-id=CruceSemaforosManager, ejb-name=CruceSemaforosManager, container=Default Stateless Container)
ene 18, 2015 7:05:30 P.M. org.apache.openejb.assembler.classic.Assembler createApplication
INFO: Deployed Application(path=C:\tomee-tesis\webapps\sisi-servlets)
ene 18, 2015 7:05:30 P.M. org.apache.catalina.startup.HostConfig deployWAR
INFO: Deployment of web application archive C:\tomee-tesis\webapps\sisi-servlets.war has finished in 1,093 ms
ene 18, 2015 7:06:13 P.M. org.apache.coyote.AbstractProtocol pause
INFO: Pausing ProtocolHandler ["http-bio-8080"]
ene 18, 2015 7:06:13 P.M. org.apache.coyote.AbstractProtocol pause
INFO: Pausing ProtocolHandler ["ajp-bio-8009"]
ene 18, 2015 7:06:13 P.M. org.apache.catalina.core.StandardService stopInternal
INFO: Stopping service Catalina
ene 18, 2015 7:06:13 P.M. org.apache.openejb.assembler.classic.Assembler destroyApplication
INFO: Undeploying app: C:\tomee-tesis\webapps\docs
ene 18, 2015 7:06:13 P.M. org.apache.openejb.assembler.classic.Assembler destroyApplication
INFO: Undeploying app: C:\tomee-tesis\webapps\host-manager
ene 18, 2015 7:06:14 P.M. org.apache.openejb.assembler.classic.Assembler destroyApplication
INFO: Undeploying app: C:\tomee-tesis\webapps\manager
ene 18, 2015 7:06:14 P.M. org.apache.openejb.assembler.classic.Assembler destroyApplication
INFO: Undeploying app: C:\tomee-tesis\webapps\ROOT
ene 18, 2015 7:06:14 P.M. org.apache.openejb.assembler.classic.Assembler destroyApplication
INFO: Undeploying app: C:\tomee-tesis\webapps\tomee
ene 18, 2015 7:06:14 P.M. org.apache.openejb.assembler.classic.Assembler destroyApplication
INFO: Undeploying app: C:\tomee-tesis\webapps\sisi-servlets
ene 18, 2015 7:06:14 P.M. org.apache.coyote.AbstractProtocol stop
INFO: Stopping ProtocolHandler ["http-bio-8080"]
ene 18, 2015 7:06:14 P.M. org.apache.coyote.AbstractProtocol stop
INFO: Stopping ProtocolHandler ["ajp-bio-8009"]
ene 18, 2015 7:06:14 P.M. org.apache.openejb.server.SimpleServiceManager stop
INFO: Stopping server services
ene 18, 2015 7:06:14 P.M. org.apache.openejb.assembler.classic.Assembler destroyApplication
INFO: Undeploying app: openejb
ene 18, 2015 7:06:14 P.M. org.apache.openejb.assembler.classic.Assembler destroyResource
INFO: Closing DataSource: sisi-DS
ene 18, 2015 7:06:14 P.M. org.apache.openejb.assembler.classic.Assembler destroyResource
INFO: Closing DataSource: sisi-DSNonJta
ene 18, 2015 7:06:14 P.M. org.apache.coyote.AbstractProtocol destroy
INFO: Destroying ProtocolHandler ["http-bio-8080"]
ene 18, 2015 7:06:14 P.M. org.apache.coyote.AbstractProtocol destroy
INFO: Destroying ProtocolHandler ["ajp-bio-8009"]
