dic 03, 2014 6:13:58 P.M. org.apache.catalina.core.StandardWrapperValve invoke
SEVERE: Servlet.service() for servlet [com.r2c.pfc.model.servlets.CalleServlet] in context with path [/sisi-servlets] threw exception
javax.ejb.EJBException: The bean encountered a non-application exception; nested exception is: 
	java.lang.IllegalArgumentException: Named query not found: Calle.findAll
	at org.apache.openejb.core.ivm.BaseEjbProxyHandler.convertException(BaseEjbProxyHandler.java:408)
	at org.apache.openejb.core.ivm.BaseEjbProxyHandler.invoke(BaseEjbProxyHandler.java:312)
	at com.r2c.pfc.model.negocio.CalleManager$$LocalBeanProxy.loadAll(com/r2c/pfc/model/negocio/CalleManager.java)
	at com.r2c.pfc.model.servlets.CalleServlet.doGet(CalleServlet.java:80)
	at javax.servlet.http.HttpServlet.service(HttpServlet.java:620)
	at javax.servlet.http.HttpServlet.service(HttpServlet.java:727)
	at org.apache.catalina.core.ApplicationFilterChain.internalDoFilter(ApplicationFilterChain.java:303)
	at org.apache.catalina.core.ApplicationFilterChain.doFilter(ApplicationFilterChain.java:208)
	at org.apache.tomcat.websocket.server.WsFilter.doFilter(WsFilter.java:52)
	at org.apache.catalina.core.ApplicationFilterChain.internalDoFilter(ApplicationFilterChain.java:241)
	at org.apache.catalina.core.ApplicationFilterChain.doFilter(ApplicationFilterChain.java:208)
	at org.apache.catalina.core.StandardWrapperValve.invoke(StandardWrapperValve.java:220)
	at org.apache.catalina.core.StandardContextValve.invoke(StandardContextValve.java:122)
	at org.apache.tomee.catalina.OpenEJBValve.invoke(OpenEJBValve.java:44)
	at org.apache.catalina.authenticator.AuthenticatorBase.invoke(AuthenticatorBase.java:501)
	at org.apache.catalina.core.StandardHostValve.invoke(StandardHostValve.java:171)
	at org.apache.catalina.valves.ErrorReportValve.invoke(ErrorReportValve.java:103)
	at org.apache.catalina.valves.AccessLogValve.invoke(AccessLogValve.java:950)
	at org.apache.catalina.core.StandardEngineValve.invoke(StandardEngineValve.java:116)
	at org.apache.catalina.connector.CoyoteAdapter.service(CoyoteAdapter.java:408)
	at org.apache.coyote.http11.AbstractHttp11Processor.process(AbstractHttp11Processor.java:1070)
	at org.apache.coyote.AbstractProtocol$AbstractConnectionHandler.process(AbstractProtocol.java:611)
	at org.apache.tomcat.util.net.JIoEndpoint$SocketProcessor.run(JIoEndpoint.java:314)
	at java.util.concurrent.ThreadPoolExecutor.runWorker(ThreadPoolExecutor.java:1145)
	at java.util.concurrent.ThreadPoolExecutor$Worker.run(ThreadPoolExecutor.java:615)
	at org.apache.tomcat.util.threads.TaskThread$WrappingRunnable.run(TaskThread.java:61)
	at java.lang.Thread.run(Thread.java:745)
Caused by: java.lang.IllegalArgumentException: Named query not found: Calle.findAll
	at org.hibernate.ejb.AbstractEntityManagerImpl.createNamedQuery(AbstractEntityManagerImpl.java:647)
	at sun.reflect.NativeMethodAccessorImpl.invoke0(Native Method)
	at sun.reflect.NativeMethodAccessorImpl.invoke(NativeMethodAccessorImpl.java:57)
	at sun.reflect.DelegatingMethodAccessorImpl.invoke(DelegatingMethodAccessorImpl.java:43)
	at java.lang.reflect.Method.invoke(Method.java:606)
	at org.apache.openejb.persistence.JtaEntityManager.createQuery(JtaEntityManager.java:338)
	at org.apache.openejb.persistence.JtaEntityManager.proxyIfNoTx(JtaEntityManager.java:326)
	at org.apache.openejb.persistence.JtaEntityManager.createNamedQuery(JtaEntityManager.java:289)
	at com.r2c.pfc.model.negocio.CalleManager.loadAll(CalleManager.java:28)
	at sun.reflect.NativeMethodAccessorImpl.invoke0(Native Method)
	at sun.reflect.NativeMethodAccessorImpl.invoke(NativeMethodAccessorImpl.java:57)
	at sun.reflect.DelegatingMethodAccessorImpl.invoke(DelegatingMethodAccessorImpl.java:43)
	at java.lang.reflect.Method.invoke(Method.java:606)
	at org.apache.openejb.core.interceptor.ReflectionInvocationContext$Invocation.invoke(ReflectionInvocationContext.java:192)
	at org.apache.openejb.core.interceptor.ReflectionInvocationContext.proceed(ReflectionInvocationContext.java:173)
	at org.apache.openejb.monitoring.StatsInterceptor.record(StatsInterceptor.java:181)
	at org.apache.openejb.monitoring.StatsInterceptor.invoke(StatsInterceptor.java:100)
	at sun.reflect.NativeMethodAccessorImpl.invoke0(Native Method)
	at sun.reflect.NativeMethodAccessorImpl.invoke(NativeMethodAccessorImpl.java:57)
	at sun.reflect.DelegatingMethodAccessorImpl.invoke(DelegatingMethodAccessorImpl.java:43)
	at java.lang.reflect.Method.invoke(Method.java:606)
	at org.apache.openejb.core.interceptor.ReflectionInvocationContext$Invocation.invoke(ReflectionInvocationContext.java:192)
	at org.apache.openejb.core.interceptor.ReflectionInvocationContext.proceed(ReflectionInvocationContext.java:173)
	at org.apache.openejb.core.interceptor.InterceptorStack.invoke(InterceptorStack.java:85)
	at org.apache.openejb.core.stateless.StatelessContainer._invoke(StatelessContainer.java:227)
	at org.apache.openejb.core.stateless.StatelessContainer.invoke(StatelessContainer.java:194)
	at org.apache.openejb.core.ivm.EjbObjectProxyHandler.synchronizedBusinessMethod(EjbObjectProxyHandler.java:308)
	at org.apache.openejb.core.ivm.EjbObjectProxyHandler.businessMethod(EjbObjectProxyHandler.java:303)
	at org.apache.openejb.core.ivm.EjbObjectProxyHandler._invoke(EjbObjectProxyHandler.java:92)
	at org.apache.openejb.core.ivm.BaseEjbProxyHandler.invoke(BaseEjbProxyHandler.java:308)
	... 25 more

